<-= 1 =->
name = Basics
city = Dallas
name = Allied
city = Dallas
<-= 2 =->
name = folder
name = clip
<-= 3 =->
name = Basics
pid = p03
sum = 1620.00
name = ACME
pid = p01
sum = 1360.00
name = Allied
pid = p05
sum = 1104.00
name = Tiptop
pid = p07
sum = 720.00
name = Tiptop
pid = p06
sum = 720.00
name = ACME
pid = p07
sum = 600.00
name = Tiptop
pid = p03
sum = 540.00
name = Tiptop
pid = p04
sum = 540.00
name = Tiptop
pid = p05
sum = 450.00
name = Tiptop
pid = p01
sum = 450.00
name = Tiptop
pid = p02
sum = 180.00
<-= 4 =->
ERROR:  syntax error at or near "order"
LINE 1: ...oalesce(o.dollars))  from customers c  inner join order o   ...
                                                             ^

<-= 5 =->
ERROR:  syntax error at or near "on"
LINE 1: ... inner join products  on orders.pid=products.pid  on agents....
                                                             ^

<-= 6 =->
ERROR:  syntax error at or near "select"
LINE 1: ...id) as tmptable  where dollars !=truedollars      select c.n...
                                                             ^

<-= end =->
